# JRE version: OpenJDK Runtime Environment (11.0.2+9) (build 11.0.2+9)
# Java VM: OpenJDK 64-Bit Server VM (11.0.2+9, mixed mode, tiered, compressed oops, g1 gc, windows-amd64)
Heap:
 garbage-first heap   total 131072K, used 41467K [0x0000001000400000, 0x0000001400400000)
  region size 4096K, 4 young (16384K), 2 survivors (8192K)
 Metaspace       used 29730K, capacity 30388K, committed 30592K, reserved 1077248K
  class space    used 3173K, capacity 3439K, committed 3456K, reserved 1048576K
GC Heap History (10 events):
Event: 0.647 GC heap before
{Heap before GC invocations=0 (full 0):
 garbage-first heap   total 131072K, used 20480K [0x0000001000400000, 0x0000001400400000)
  region size 4096K, 6 young (24576K), 0 survivors (0K)
 Metaspace       used 13176K, capacity 13423K, committed 13696K, reserved 1060864K
  class space    used 1234K, capacity 1317K, committed 1408K, reserved 1048576K
}
Event: 0.652 GC heap after
{Heap after GC invocations=1 (full 0):
 garbage-first heap   total 131072K, used 6281K [0x0000001000400000, 0x0000001400400000)
  region size 4096K, 1 young (4096K), 1 survivors (4096K)
 Metaspace       used 13176K, capacity 13423K, committed 13696K, reserved 1060864K
  class space    used 1234K, capacity 1317K, committed 1408K, reserved 1048576K
}
Event: 1.811 GC heap before
{Heap before GC invocations=1 (full 0):
 garbage-first heap   total 131072K, used 34953K [0x0000001000400000, 0x0000001400400000)
  region size 4096K, 9 young (36864K), 1 survivors (4096K)
 Metaspace       used 20569K, capacity 20989K, committed 21248K, reserved 1069056K
  class space    used 2160K, capacity 2297K, committed 2304K, reserved 1048576K
}
Event: 1.820 GC heap after
{Heap after GC invocations=2 (full 0):
 garbage-first heap   total 131072K, used 8163K [0x0000001000400000, 0x0000001400400000)
  region size 4096K, 2 young (8192K), 2 survivors (8192K)
 Metaspace       used 20569K, capacity 20989K, committed 21248K, reserved 1069056K
  class space    used 2160K, capacity 2297K, committed 2304K, reserved 1048576K
}
Event: 31.773 GC heap before
{Heap before GC invocations=3 (full 0):
 garbage-first heap   total 131072K, used 36835K [0x0000001000400000, 0x0000001400400000)
  region size 4096K, 10 young (40960K), 2 survivors (8192K)
 Metaspace       used 27824K, capacity 28473K, committed 28672K, reserved 1075200K
  class space    used 3023K, capacity 3299K, committed 3328K, reserved 1048576K
}
Event: 31.779 GC heap after
{Heap after GC invocations=4 (full 0):
 garbage-first heap   total 131072K, used 15372K [0x0000001000400000, 0x0000001400400000)
  region size 4096K, 2 young (8192K), 2 survivors (8192K)
 Metaspace       used 27824K, capacity 28473K, committed 28672K, reserved 1075200K
  class space    used 3023K, capacity 3299K, committed 3328K, reserved 1048576K
}
Event: 34.336 GC heap before
{Heap before GC invocations=4 (full 0):
 garbage-first heap   total 131072K, used 56332K [0x0000001000400000, 0x0000001400400000)
  region size 4096K, 13 young (53248K), 2 survivors (8192K)
 Metaspace       used 29470K, capacity 30123K, committed 30336K, reserved 1077248K
  class space    used 3161K, capacity 3437K, committed 3456K, reserved 1048576K
}
Event: 34.346 GC heap after
{Heap after GC invocations=5 (full 0):
 garbage-first heap   total 131072K, used 31094K [0x0000001000400000, 0x0000001400400000)
  region size 4096K, 2 young (8192K), 2 survivors (8192K)
 Metaspace       used 29470K, capacity 30123K, committed 30336K, reserved 1077248K
  class space    used 3161K, capacity 3437K, committed 3456K, reserved 1048576K
}
Event: 34.928 GC heap before
{Heap before GC invocations=5 (full 0):
 garbage-first heap   total 131072K, used 67958K [0x0000001000400000, 0x0000001400400000)
  region size 4096K, 12 young (49152K), 2 survivors (8192K)
 Metaspace       used 29711K, capacity 30384K, committed 30592K, reserved 1077248K
  class space    used 3171K, capacity 3438K, committed 3456K, reserved 1048576K
}
Event: 34.935 GC heap after
{Heap after GC invocations=6 (full 0):
 garbage-first heap   total 131072K, used 37371K [0x0000001000400000, 0x0000001400400000)
  region size 4096K, 2 young (8192K), 2 survivors (8192K)
 Metaspace       used 29711K, capacity 30384K, committed 30592K, reserved 1077248K
  class space    used 3171K, capacity 3438K, committed 3456K, reserved 1048576K
}

