# JRE version: OpenJDK Runtime Environment (11.0.2+9) (build 11.0.2+9)
# Java VM: OpenJDK 64-Bit Server VM (11.0.2+9, mixed mode, tiered, compressed oops, g1 gc, windows-amd64)
Heap:
 garbage-first heap   total 131072K, used 38220K [0x0000000400000000, 0x0000000800000000)
  region size 4096K, 8 young (32768K), 2 survivors (8192K)
 Metaspace       used 29236K, capacity 29919K, committed 30080K, reserved 1075200K
  class space    used 3169K, capacity 3436K, committed 3456K, reserved 1048576K
GC Heap History (6 events):
Event: 1.829 GC heap before
{Heap before GC invocations=0 (full 0):
 garbage-first heap   total 131072K, used 20480K [0x0000000400000000, 0x0000000800000000)
  region size 4096K, 6 young (24576K), 0 survivors (0K)
 Metaspace       used 13220K, capacity 13423K, committed 13696K, reserved 1060864K
  class space    used 1236K, capacity 1317K, committed 1408K, reserved 1048576K
}
Event: 1.838 GC heap after
{Heap after GC invocations=1 (full 0):
 garbage-first heap   total 131072K, used 6258K [0x0000000400000000, 0x0000000800000000)
  region size 4096K, 1 young (4096K), 1 survivors (4096K)
 Metaspace       used 13220K, capacity 13423K, committed 13696K, reserved 1060864K
  class space    used 1236K, capacity 1317K, committed 1408K, reserved 1048576K
}
Event: 7.213 GC heap before
{Heap before GC invocations=1 (full 0):
 garbage-first heap   total 131072K, used 34930K [0x0000000400000000, 0x0000000800000000)
  region size 4096K, 9 young (36864K), 1 survivors (4096K)
 Metaspace       used 20600K, capacity 20989K, committed 21248K, reserved 1069056K
  class space    used 2159K, capacity 2297K, committed 2304K, reserved 1048576K
}
Event: 7.223 GC heap after
{Heap after GC invocations=2 (full 0):
 garbage-first heap   total 131072K, used 8158K [0x0000000400000000, 0x0000000800000000)
  region size 4096K, 2 young (8192K), 2 survivors (8192K)
 Metaspace       used 20600K, capacity 20989K, committed 21248K, reserved 1069056K
  class space    used 2159K, capacity 2297K, committed 2304K, reserved 1048576K
}
Event: 11.907 GC heap before
{Heap before GC invocations=3 (full 0):
 garbage-first heap   total 131072K, used 36830K [0x0000000400000000, 0x0000000800000000)
  region size 4096K, 10 young (40960K), 2 survivors (8192K)
 Metaspace       used 28498K, capacity 29212K, committed 29312K, reserved 1075200K
  class space    used 3126K, capacity 3417K, committed 3456K, reserved 1048576K
}
Event: 11.917 GC heap after
{Heap after GC invocations=4 (full 0):
 garbage-first heap   total 131072K, used 21836K [0x0000000400000000, 0x0000000800000000)
  region size 4096K, 2 young (8192K), 2 survivors (8192K)
 Metaspace       used 28498K, capacity 29212K, committed 29312K, reserved 1075200K
  class space    used 3126K, capacity 3417K, committed 3456K, reserved 1048576K
}

